# JRE version: OpenJDK Runtime Environment JBR-11.0.14.1.1-2043.25-jcef (11.0.14.1+1) (build 11.0.14.1+1-b2043.25)
# Java VM: OpenJDK 64-Bit Server VM JBR-11.0.14.1.1-2043.25-jcef (11.0.14.1+1-b2043.25, mixed mode, tiered, compressed oops, g1 gc, windows-amd64)
Heap:
 garbage-first heap   total 262144K, used 89156K [0x00000000e0000000, 0x0000000100000000)
  region size 1024K, 66 young (67584K), 10 survivors (10240K)
 Metaspace       used 56039K, capacity 57603K, committed 57756K, reserved 305152K
  class space    used 7329K, capacity 7922K, committed 8012K, reserved 253952K
GC Heap History (18 events):
Event: 0.543 GC heap before
{Heap before GC invocations=0 (full 0):
 garbage-first heap   total 262144K, used 19456K [0x00000000e0000000, 0x0000000100000000)
  region size 1024K, 14 young (14336K), 0 survivors (0K)
 Metaspace       used 6761K, capacity 7001K, committed 7168K, reserved 262144K
  class space    used 572K, capacity 650K, committed 768K, reserved 253952K
}
Event: 0.576 GC heap after
{Heap after GC invocations=1 (full 0):
 garbage-first heap   total 262144K, used 7690K [0x00000000e0000000, 0x0000000100000000)
  region size 1024K, 2 young (2048K), 2 survivors (2048K)
 Metaspace       used 6761K, capacity 7001K, committed 7168K, reserved 262144K
  class space    used 572K, capacity 650K, committed 768K, reserved 253952K
}
Event: 1.109 GC heap before
{Heap before GC invocations=1 (full 0):
 garbage-first heap   total 262144K, used 17930K [0x00000000e0000000, 0x0000000100000000)
  region size 1024K, 12 young (12288K), 2 survivors (2048K)
 Metaspace       used 10180K, capacity 10403K, committed 10624K, reserved 264192K
  class space    used 1043K, capacity 1106K, committed 1152K, reserved 253952K
}
Event: 1.113 GC heap after
{Heap after GC invocations=2 (full 0):
 garbage-first heap   total 262144K, used 9385K [0x00000000e0000000, 0x0000000100000000)
  region size 1024K, 2 young (2048K), 2 survivors (2048K)
 Metaspace       used 10180K, capacity 10403K, committed 10624K, reserved 264192K
  class space    used 1043K, capacity 1106K, committed 1152K, reserved 253952K
}
Event: 1.828 GC heap before
{Heap before GC invocations=2 (full 0):
 garbage-first heap   total 262144K, used 36009K [0x00000000e0000000, 0x0000000100000000)
  region size 1024K, 28 young (28672K), 2 survivors (2048K)
 Metaspace       used 11277K, capacity 11520K, committed 11776K, reserved 266240K
  class space    used 1152K, capacity 1244K, committed 1280K, reserved 253952K
}
Event: 1.832 GC heap after
{Heap after GC invocations=3 (full 0):
 garbage-first heap   total 262144K, used 11377K [0x00000000e0000000, 0x0000000100000000)
  region size 1024K, 4 young (4096K), 4 survivors (4096K)
 Metaspace       used 11277K, capacity 11520K, committed 11776K, reserved 266240K
  class space    used 1152K, capacity 1244K, committed 1280K, reserved 253952K
}
Event: 2.910 GC heap before
{Heap before GC invocations=3 (full 0):
 garbage-first heap   total 262144K, used 50289K [0x00000000e0000000, 0x0000000100000000)
  region size 1024K, 42 young (43008K), 4 survivors (4096K)
 Metaspace       used 17581K, capacity 18068K, committed 18176K, reserved 270336K
  class space    used 2040K, capacity 2219K, committed 2304K, reserved 253952K
}
Event: 2.920 GC heap after
{Heap after GC invocations=4 (full 0):
 garbage-first heap   total 262144K, used 15863K [0x00000000e0000000, 0x0000000100000000)
  region size 1024K, 6 young (6144K), 6 survivors (6144K)
 Metaspace       used 17581K, capacity 18068K, committed 18176K, reserved 270336K
  class space    used 2040K, capacity 2219K, committed 2304K, reserved 253952K
}
Event: 3.331 GC heap before
{Heap before GC invocations=4 (full 0):
 garbage-first heap   total 262144K, used 41463K [0x00000000e0000000, 0x0000000100000000)
  region size 1024K, 32 young (32768K), 6 survivors (6144K)
 Metaspace       used 20707K, capacity 21163K, committed 21296K, reserved 274432K
  class space    used 2500K, capacity 2633K, committed 2688K, reserved 253952K
}
Event: 3.340 GC heap after
{Heap after GC invocations=5 (full 0):
 garbage-first heap   total 262144K, used 17110K [0x00000000e0000000, 0x0000000100000000)
  region size 1024K, 1 young (1024K), 1 survivors (1024K)
 Metaspace       used 20707K, capacity 21163K, committed 21296K, reserved 274432K
  class space    used 2500K, capacity 2633K, committed 2688K, reserved 253952K
}
Event: 4.163 GC heap before
{Heap before GC invocations=6 (full 0):
 garbage-first heap   total 262144K, used 72406K [0x00000000e0000000, 0x0000000100000000)
  region size 1024K, 55 young (56320K), 1 survivors (1024K)
 Metaspace       used 26255K, capacity 26878K, committed 27184K, reserved 278528K
  class space    used 3383K, capacity 3587K, committed 3712K, reserved 253952K
}
Event: 4.169 GC heap after
{Heap after GC invocations=7 (full 0):
 garbage-first heap   total 262144K, used 19158K [0x00000000e0000000, 0x0000000100000000)
  region size 1024K, 3 young (3072K), 3 survivors (3072K)
 Metaspace       used 26255K, capacity 26878K, committed 27184K, reserved 278528K
  class space    used 3383K, capacity 3587K, committed 3712K, reserved 253952K
}
Event: 5.171 GC heap before
{Heap before GC invocations=7 (full 0):
 garbage-first heap   total 262144K, used 75478K [0x00000000e0000000, 0x0000000100000000)
  region size 1024K, 59 young (60416K), 3 survivors (3072K)
 Metaspace       used 35042K, capacity 35843K, committed 35920K, reserved 286720K
  class space    used 4515K, capacity 4857K, committed 4864K, reserved 253952K
}
Event: 5.188 GC heap after
{Heap after GC invocations=8 (full 0):
 garbage-first heap   total 262144K, used 22230K [0x00000000e0000000, 0x0000000100000000)
  region size 1024K, 6 young (6144K), 6 survivors (6144K)
 Metaspace       used 35042K, capacity 35843K, committed 35920K, reserved 286720K
  class space    used 4515K, capacity 4857K, committed 4864K, reserved 253952K
}
Event: 6.488 GC heap before
{Heap before GC invocations=9 (full 0):
 garbage-first heap   total 262144K, used 114390K [0x00000000e0000000, 0x0000000100000000)
  region size 1024K, 93 young (95232K), 6 survivors (6144K)
 Metaspace       used 43360K, capacity 44370K, committed 44700K, reserved 292864K
  class space    used 5438K, capacity 5834K, committed 5964K, reserved 253952K
}
Event: 6.507 GC heap after
{Heap after GC invocations=10 (full 0):
 garbage-first heap   total 262144K, used 29143K [0x00000000e0000000, 0x0000000100000000)
  region size 1024K, 12 young (12288K), 12 survivors (12288K)
 Metaspace       used 43360K, capacity 44370K, committed 44700K, reserved 292864K
  class space    used 5438K, capacity 5834K, committed 5964K, reserved 253952K
}
Event: 8.332 GC heap before
{Heap before GC invocations=10 (full 0):
 garbage-first heap   total 262144K, used 142807K [0x00000000e0000000, 0x0000000100000000)
  region size 1024K, 123 young (125952K), 12 survivors (12288K)
 Metaspace       used 54853K, capacity 56408K, committed 56604K, reserved 303104K
  class space    used 7181K, capacity 7783K, committed 7884K, reserved 253952K
}
Event: 8.361 GC heap after
{Heap after GC invocations=11 (full 0):
 garbage-first heap   total 262144K, used 32836K [0x00000000e0000000, 0x0000000100000000)
  region size 1024K, 10 young (10240K), 10 survivors (10240K)
 Metaspace       used 54853K, capacity 56408K, committed 56604K, reserved 303104K
  class space    used 7181K, capacity 7783K, committed 7884K, reserved 253952K
}

