# JRE version: OpenJDK Runtime Environment JBR-11.0.14.1.1-2043.25-jcef (11.0.14.1+1) (build 11.0.14.1+1-b2043.25)
# Java VM: OpenJDK 64-Bit Server VM JBR-11.0.14.1.1-2043.25-jcef (11.0.14.1+1-b2043.25, mixed mode, tiered, compressed oops, g1 gc, windows-amd64)
Heap:
 garbage-first heap   total 262144K, used 175660K [0x00000000e0000000, 0x0000000100000000)
  region size 1024K, 134 young (137216K), 15 survivors (15360K)
 Metaspace       used 73599K, capacity 76263K, committed 76496K, reserved 321536K
  class space    used 9572K, capacity 10518K, committed 10624K, reserved 253952K
GC Heap History (20 events):
Event: 0.877 GC heap before
{Heap before GC invocations=1 (full 0):
 garbage-first heap   total 262144K, used 20260K [0x00000000e0000000, 0x0000000100000000)
  region size 1024K, 14 young (14336K), 2 survivors (2048K)
 Metaspace       used 10294K, capacity 10565K, committed 10624K, reserved 264192K
  class space    used 1051K, capacity 1139K, committed 1152K, reserved 253952K
}
Event: 0.880 GC heap after
{Heap after GC invocations=2 (full 0):
 garbage-first heap   total 262144K, used 9632K [0x00000000e0000000, 0x0000000100000000)
  region size 1024K, 2 young (2048K), 2 survivors (2048K)
 Metaspace       used 10294K, capacity 10565K, committed 10624K, reserved 264192K
  class space    used 1051K, capacity 1139K, committed 1152K, reserved 253952K
}
Event: 1.320 GC heap before
{Heap before GC invocations=2 (full 0):
 garbage-first heap   total 262144K, used 41376K [0x00000000e0000000, 0x0000000100000000)
  region size 1024K, 32 young (32768K), 2 survivors (2048K)
 Metaspace       used 11319K, capacity 11584K, committed 11776K, reserved 266240K
  class space    used 1158K, capacity 1244K, committed 1280K, reserved 253952K
}
Event: 1.327 GC heap after
{Heap after GC invocations=3 (full 0):
 garbage-first heap   total 262144K, used 14251K [0x00000000e0000000, 0x0000000100000000)
  region size 1024K, 4 young (4096K), 4 survivors (4096K)
 Metaspace       used 11319K, capacity 11584K, committed 11776K, reserved 266240K
  class space    used 1158K, capacity 1244K, committed 1280K, reserved 253952K
}
Event: 2.291 GC heap before
{Heap before GC invocations=3 (full 0):
 garbage-first heap   total 262144K, used 57259K [0x00000000e0000000, 0x0000000100000000)
  region size 1024K, 46 young (47104K), 4 survivors (4096K)
 Metaspace       used 18777K, capacity 19208K, committed 19328K, reserved 272384K
  class space    used 2228K, capacity 2386K, committed 2432K, reserved 253952K
}
Event: 2.296 GC heap after
{Heap after GC invocations=4 (full 0):
 garbage-first heap   total 262144K, used 16823K [0x00000000e0000000, 0x0000000100000000)
  region size 1024K, 6 young (6144K), 6 survivors (6144K)
 Metaspace       used 18777K, capacity 19208K, committed 19328K, reserved 272384K
  class space    used 2228K, capacity 2386K, committed 2432K, reserved 253952K
}
Event: 2.478 GC heap before
{Heap before GC invocations=4 (full 0):
 garbage-first heap   total 262144K, used 33207K [0x00000000e0000000, 0x0000000100000000)
  region size 1024K, 23 young (23552K), 6 survivors (6144K)
 Metaspace       used 20749K, capacity 21201K, committed 21296K, reserved 274432K
  class space    used 2503K, capacity 2671K, committed 2688K, reserved 253952K
}
Event: 2.483 GC heap after
{Heap after GC invocations=5 (full 0):
 garbage-first heap   total 262144K, used 17651K [0x00000000e0000000, 0x0000000100000000)
  region size 1024K, 4 young (4096K), 4 survivors (4096K)
 Metaspace       used 20749K, capacity 21201K, committed 21296K, reserved 274432K
  class space    used 2503K, capacity 2671K, committed 2688K, reserved 253952K
}
Event: 3.223 GC heap before
{Heap before GC invocations=6 (full 0):
 garbage-first heap   total 262144K, used 80115K [0x00000000e0000000, 0x0000000100000000)
  region size 1024K, 65 young (66560K), 4 survivors (4096K)
 Metaspace       used 26674K, capacity 27256K, committed 27440K, reserved 278528K
  class space    used 3462K, capacity 3673K, committed 3712K, reserved 253952K
}
Event: 3.231 GC heap after
{Heap after GC invocations=7 (full 0):
 garbage-first heap   total 262144K, used 19733K [0x00000000e0000000, 0x0000000100000000)
  region size 1024K, 6 young (6144K), 6 survivors (6144K)
 Metaspace       used 26674K, capacity 27256K, committed 27440K, reserved 278528K
  class space    used 3462K, capacity 3673K, committed 3712K, reserved 253952K
}
Event: 4.156 GC heap before
{Heap before GC invocations=7 (full 0):
 garbage-first heap   total 262144K, used 69909K [0x00000000e0000000, 0x0000000100000000)
  region size 1024K, 56 young (57344K), 6 survivors (6144K)
 Metaspace       used 35010K, capacity 35811K, committed 35920K, reserved 286720K
  class space    used 4494K, capacity 4825K, committed 4864K, reserved 253952K
}
Event: 4.169 GC heap after
{Heap after GC invocations=8 (full 0):
 garbage-first heap   total 262144K, used 22582K [0x00000000e0000000, 0x0000000100000000)
  region size 1024K, 9 young (9216K), 9 survivors (9216K)
 Metaspace       used 35010K, capacity 35811K, committed 35920K, reserved 286720K
  class space    used 4494K, capacity 4825K, committed 4864K, reserved 253952K
}
Event: 6.401 GC heap before
{Heap before GC invocations=9 (full 0):
 garbage-first heap   total 262144K, used 173110K [0x00000000e0000000, 0x0000000100000000)
  region size 1024K, 153 young (156672K), 9 survivors (9216K)
 Metaspace       used 47619K, capacity 48857K, committed 49104K, reserved 296960K
  class space    used 6071K, capacity 6524K, committed 6528K, reserved 253952K
}
Event: 6.425 GC heap after
{Heap after GC invocations=10 (full 0):
 garbage-first heap   total 262144K, used 30350K [0x00000000e0000000, 0x0000000100000000)
  region size 1024K, 16 young (16384K), 16 survivors (16384K)
 Metaspace       used 47619K, capacity 48857K, committed 49104K, reserved 296960K
  class space    used 6071K, capacity 6524K, committed 6528K, reserved 253952K
}
Event: 8.240 GC heap before
{Heap before GC invocations=10 (full 0):
 garbage-first heap   total 262144K, used 170638K [0x00000000e0000000, 0x0000000100000000)
  region size 1024K, 153 young (156672K), 16 survivors (16384K)
 Metaspace       used 56618K, capacity 58303K, committed 58448K, reserved 305152K
  class space    used 7415K, capacity 8067K, committed 8192K, reserved 253952K
}
Event: 8.280 GC heap after
{Heap after GC invocations=11 (full 0):
 garbage-first heap   total 262144K, used 41087K [0x00000000e0000000, 0x0000000100000000)
  region size 1024K, 19 young (19456K), 19 survivors (19456K)
 Metaspace       used 56618K, capacity 58303K, committed 58448K, reserved 305152K
  class space    used 7415K, capacity 8067K, committed 8192K, reserved 253952K
}
Event: 8.907 GC heap before
{Heap before GC invocations=11 (full 0):
 garbage-first heap   total 262144K, used 98431K [0x00000000e0000000, 0x0000000100000000)
  region size 1024K, 76 young (77824K), 19 survivors (19456K)
 Metaspace       used 58359K, capacity 60152K, committed 60240K, reserved 307200K
  class space    used 7715K, capacity 8402K, committed 8448K, reserved 253952K
}
Event: 8.970 GC heap after
{Heap after GC invocations=12 (full 0):
 garbage-first heap   total 262144K, used 47148K [0x00000000e0000000, 0x0000000100000000)
  region size 1024K, 7 young (7168K), 7 survivors (7168K)
 Metaspace       used 58359K, capacity 60152K, committed 60240K, reserved 307200K
  class space    used 7715K, capacity 8402K, committed 8448K, reserved 253952K
}
Event: 913.559 GC heap before
{Heap before GC invocations=13 (full 0):
 garbage-first heap   total 262144K, used 194604K [0x00000000e0000000, 0x0000000100000000)
  region size 1024K, 151 young (154624K), 7 survivors (7168K)
 Metaspace       used 65581K, capacity 67954K, committed 68048K, reserved 313344K
  class space    used 8666K, capacity 9571K, committed 9600K, reserved 253952K
}
Event: 913.578 GC heap after
{Heap after GC invocations=14 (full 0):
 garbage-first heap   total 262144K, used 55852K [0x00000000e0000000, 0x0000000100000000)
  region size 1024K, 15 young (15360K), 15 survivors (15360K)
 Metaspace       used 65581K, capacity 67954K, committed 68048K, reserved 313344K
  class space    used 8666K, capacity 9571K, committed 9600K, reserved 253952K
}

