# JRE version: OpenJDK Runtime Environment JBR-11.0.12.7-1504.40-jcef (11.0.12+7) (build 11.0.12+7-b1504.40)
# Java VM: OpenJDK 64-Bit Server VM JBR-11.0.12.7-1504.40-jcef (11.0.12+7-b1504.40, mixed mode, tiered, compressed oops, g1 gc, windows-amd64)
Heap:
 garbage-first heap   total 262144K, used 33692K [0x00000000e0000000, 0x0000000100000000)
  region size 1024K, 8 young (8192K), 3 survivors (3072K)
 Metaspace       used 26364K, capacity 27135K, committed 27392K, reserved 278528K
  class space    used 3456K, capacity 3721K, committed 3840K, reserved 253952K
GC Heap History (12 events):
Event: 0.423 GC heap before
{Heap before GC invocations=0 (full 0):
 garbage-first heap   total 262144K, used 19456K [0x00000000e0000000, 0x0000000100000000)
  region size 1024K, 14 young (14336K), 0 survivors (0K)
 Metaspace       used 6734K, capacity 6937K, committed 7168K, reserved 262144K
  class space    used 582K, capacity 650K, committed 768K, reserved 253952K
}
Event: 0.430 GC heap after
{Heap after GC invocations=1 (full 0):
 garbage-first heap   total 262144K, used 8068K [0x00000000e0000000, 0x0000000100000000)
  region size 1024K, 2 young (2048K), 2 survivors (2048K)
 Metaspace       used 6734K, capacity 6937K, committed 7168K, reserved 262144K
  class space    used 582K, capacity 650K, committed 768K, reserved 253952K
}
Event: 0.706 GC heap before
{Heap before GC invocations=1 (full 0):
 garbage-first heap   total 262144K, used 19332K [0x00000000e0000000, 0x0000000100000000)
  region size 1024K, 13 young (13312K), 2 survivors (2048K)
 Metaspace       used 10212K, capacity 10501K, committed 10624K, reserved 264192K
  class space    used 1067K, capacity 1139K, committed 1152K, reserved 253952K
}
Event: 0.710 GC heap after
{Heap after GC invocations=2 (full 0):
 garbage-first heap   total 262144K, used 9540K [0x00000000e0000000, 0x0000000100000000)
  region size 1024K, 2 young (2048K), 2 survivors (2048K)
 Metaspace       used 10212K, capacity 10501K, committed 10624K, reserved 264192K
  class space    used 1067K, capacity 1139K, committed 1152K, reserved 253952K
}
Event: 1.097 GC heap before
{Heap before GC invocations=2 (full 0):
 garbage-first heap   total 262144K, used 39236K [0x00000000e0000000, 0x0000000100000000)
  region size 1024K, 30 young (30720K), 2 survivors (2048K)
 Metaspace       used 11155K, capacity 11454K, committed 11520K, reserved 264192K
  class space    used 1169K, capacity 1243K, committed 1280K, reserved 253952K
}
Event: 1.099 GC heap after
{Heap after GC invocations=3 (full 0):
 garbage-first heap   total 262144K, used 12653K [0x00000000e0000000, 0x0000000100000000)
  region size 1024K, 4 young (4096K), 4 survivors (4096K)
 Metaspace       used 11155K, capacity 11454K, committed 11520K, reserved 264192K
  class space    used 1169K, capacity 1243K, committed 1280K, reserved 253952K
}
Event: 2.265 GC heap before
{Heap before GC invocations=3 (full 0):
 garbage-first heap   total 262144K, used 68973K [0x00000000e0000000, 0x0000000100000000)
  region size 1024K, 59 young (60416K), 4 survivors (4096K)
 Metaspace       used 19247K, capacity 19738K, committed 19968K, reserved 272384K
  class space    used 2333K, capacity 2467K, committed 2560K, reserved 253952K
}
Event: 2.272 GC heap after
{Heap after GC invocations=4 (full 0):
 garbage-first heap   total 262144K, used 16677K [0x00000000e0000000, 0x0000000100000000)
  region size 1024K, 8 young (8192K), 8 survivors (8192K)
 Metaspace       used 19247K, capacity 19738K, committed 19968K, reserved 272384K
  class space    used 2333K, capacity 2467K, committed 2560K, reserved 253952K
}
Event: 2.416 GC heap before
{Heap before GC invocations=4 (full 0):
 garbage-first heap   total 262144K, used 28965K [0x00000000e0000000, 0x0000000100000000)
  region size 1024K, 21 young (21504K), 8 survivors (8192K)
 Metaspace       used 20647K, capacity 21099K, committed 21248K, reserved 272384K
  class space    used 2528K, capacity 2708K, committed 2816K, reserved 253952K
}
Event: 2.424 GC heap after
{Heap after GC invocations=5 (full 0):
 garbage-first heap   total 262144K, used 17341K [0x00000000e0000000, 0x0000000100000000)
  region size 1024K, 6 young (6144K), 6 survivors (6144K)
 Metaspace       used 20647K, capacity 21099K, committed 21248K, reserved 272384K
  class space    used 2528K, capacity 2708K, committed 2816K, reserved 253952K
}
Event: 3.171 GC heap before
{Heap before GC invocations=6 (full 0):
 garbage-first heap   total 262144K, used 69565K [0x00000000e0000000, 0x0000000100000000)
  region size 1024K, 57 young (58368K), 6 survivors (6144K)
 Metaspace       used 26176K, capacity 26897K, committed 27008K, reserved 278528K
  class space    used 3427K, capacity 3670K, committed 3712K, reserved 253952K
}
Event: 3.180 GC heap after
{Heap after GC invocations=7 (full 0):
 garbage-first heap   total 262144K, used 19356K [0x00000000e0000000, 0x0000000100000000)
  region size 1024K, 3 young (3072K), 3 survivors (3072K)
 Metaspace       used 26176K, capacity 26897K, committed 27008K, reserved 278528K
  class space    used 3427K, capacity 3670K, committed 3712K, reserved 253952K
}

