# JRE version: OpenJDK Runtime Environment JBR-11.0.12.7-1504.40-jcef (11.0.12+7) (build 11.0.12+7-b1504.40)
# Java VM: OpenJDK 64-Bit Server VM JBR-11.0.12.7-1504.40-jcef (11.0.12+7-b1504.40, mixed mode, tiered, compressed oops, g1 gc, windows-amd64)
Heap:
 garbage-first heap   total 262144K, used 96417K [0x00000000e0000000, 0x0000000100000000)
  region size 1024K, 65 young (66560K), 4 survivors (4096K)
 Metaspace       used 33102K, capacity 34045K, committed 34176K, reserved 284672K
  class space    used 4411K, capacity 4729K, committed 4736K, reserved 253952K
GC Heap History (12 events):
Event: 0.397 GC heap before
{Heap before GC invocations=0 (full 0):
 garbage-first heap   total 262144K, used 19456K [0x00000000e0000000, 0x0000000100000000)
  region size 1024K, 14 young (14336K), 0 survivors (0K)
 Metaspace       used 6746K, capacity 6937K, committed 7168K, reserved 262144K
  class space    used 582K, capacity 650K, committed 768K, reserved 253952K
}
Event: 0.400 GC heap after
{Heap after GC invocations=1 (full 0):
 garbage-first heap   total 262144K, used 7531K [0x00000000e0000000, 0x0000000100000000)
  region size 1024K, 2 young (2048K), 2 survivors (2048K)
 Metaspace       used 6746K, capacity 6937K, committed 7168K, reserved 262144K
  class space    used 582K, capacity 650K, committed 768K, reserved 253952K
}
Event: 0.686 GC heap before
{Heap before GC invocations=1 (full 0):
 garbage-first heap   total 262144K, used 20843K [0x00000000e0000000, 0x0000000100000000)
  region size 1024K, 15 young (15360K), 2 survivors (2048K)
 Metaspace       used 10253K, capacity 10565K, committed 10624K, reserved 264192K
  class space    used 1067K, capacity 1139K, committed 1152K, reserved 253952K
}
Event: 0.688 GC heap after
{Heap after GC invocations=2 (full 0):
 garbage-first heap   total 262144K, used 9748K [0x00000000e0000000, 0x0000000100000000)
  region size 1024K, 2 young (2048K), 2 survivors (2048K)
 Metaspace       used 10253K, capacity 10565K, committed 10624K, reserved 264192K
  class space    used 1067K, capacity 1139K, committed 1152K, reserved 253952K
}
Event: 1.115 GC heap before
{Heap before GC invocations=2 (full 0):
 garbage-first heap   total 262144K, used 40468K [0x00000000e0000000, 0x0000000100000000)
  region size 1024K, 32 young (32768K), 2 survivors (2048K)
 Metaspace       used 11190K, capacity 11454K, committed 11520K, reserved 264192K
  class space    used 1169K, capacity 1243K, committed 1280K, reserved 253952K
}
Event: 1.119 GC heap after
{Heap after GC invocations=3 (full 0):
 garbage-first heap   total 262144K, used 12342K [0x00000000e0000000, 0x0000000100000000)
  region size 1024K, 4 young (4096K), 4 survivors (4096K)
 Metaspace       used 11190K, capacity 11454K, committed 11520K, reserved 264192K
  class space    used 1169K, capacity 1243K, committed 1280K, reserved 253952K
}
Event: 2.181 GC heap before
{Heap before GC invocations=3 (full 0):
 garbage-first heap   total 262144K, used 56374K [0x00000000e0000000, 0x0000000100000000)
  region size 1024K, 47 young (48128K), 4 survivors (4096K)
 Metaspace       used 18234K, capacity 18696K, committed 18816K, reserved 270336K
  class space    used 2177K, capacity 2333K, committed 2432K, reserved 253952K
}
Event: 2.188 GC heap after
{Heap after GC invocations=4 (full 0):
 garbage-first heap   total 262144K, used 16461K [0x00000000e0000000, 0x0000000100000000)
  region size 1024K, 6 young (6144K), 6 survivors (6144K)
 Metaspace       used 18234K, capacity 18696K, committed 18816K, reserved 270336K
  class space    used 2177K, capacity 2333K, committed 2432K, reserved 253952K
}
Event: 2.401 GC heap before
{Heap before GC invocations=4 (full 0):
 garbage-first heap   total 262144K, used 36941K [0x00000000e0000000, 0x0000000100000000)
  region size 1024K, 27 young (27648K), 6 survivors (6144K)
 Metaspace       used 20643K, capacity 21131K, committed 21296K, reserved 274432K
  class space    used 2526K, capacity 2676K, committed 2688K, reserved 253952K
}
Event: 2.407 GC heap after
{Heap after GC invocations=5 (full 0):
 garbage-first heap   total 262144K, used 17895K [0x00000000e0000000, 0x0000000100000000)
  region size 1024K, 5 young (5120K), 5 survivors (5120K)
 Metaspace       used 20643K, capacity 21131K, committed 21296K, reserved 274432K
  class space    used 2526K, capacity 2676K, committed 2688K, reserved 253952K
}
Event: 3.161 GC heap before
{Heap before GC invocations=6 (full 0):
 garbage-first heap   total 262144K, used 76263K [0x00000000e0000000, 0x0000000100000000)
  region size 1024K, 58 young (59392K), 5 survivors (5120K)
 Metaspace       used 26229K, capacity 26934K, committed 27008K, reserved 278528K
  class space    used 3435K, capacity 3679K, committed 3712K, reserved 253952K
}
Event: 3.171 GC heap after
{Heap after GC invocations=7 (full 0):
 garbage-first heap   total 262144K, used 25761K [0x00000000e0000000, 0x0000000100000000)
  region size 1024K, 4 young (4096K), 4 survivors (4096K)
 Metaspace       used 26229K, capacity 26934K, committed 27008K, reserved 278528K
  class space    used 3435K, capacity 3679K, committed 3712K, reserved 253952K
}

