# JRE version: OpenJDK Runtime Environment JBR-11.0.14.1.1-2043.25-jcef (11.0.14.1+1) (build 11.0.14.1+1-b2043.25)
# Java VM: OpenJDK 64-Bit Server VM JBR-11.0.14.1.1-2043.25-jcef (11.0.14.1+1-b2043.25, mixed mode, tiered, compressed oops, g1 gc, windows-amd64)
Heap:
 garbage-first heap   total 262144K, used 161792K [0x00000000e0000000, 0x0000000100000000)
  region size 1024K, 114 young (116736K), 19 survivors (19456K)
 Metaspace       used 72677K, capacity 75160K, committed 75344K, reserved 319488K
  class space    used 9443K, capacity 10382K, committed 10496K, reserved 253952K
GC Heap History (20 events):
Event: 1.280 GC heap before
{Heap before GC invocations=1 (full 0):
 garbage-first heap   total 262144K, used 20193K [0x00000000e0000000, 0x0000000100000000)
  region size 1024K, 14 young (14336K), 2 survivors (2048K)
 Metaspace       used 10309K, capacity 10613K, committed 10880K, reserved 264192K
  class space    used 1051K, capacity 1139K, committed 1152K, reserved 253952K
}
Event: 1.282 GC heap after
{Heap after GC invocations=2 (full 0):
 garbage-first heap   total 262144K, used 9657K [0x00000000e0000000, 0x0000000100000000)
  region size 1024K, 2 young (2048K), 2 survivors (2048K)
 Metaspace       used 10309K, capacity 10613K, committed 10880K, reserved 264192K
  class space    used 1051K, capacity 1139K, committed 1152K, reserved 253952K
}
Event: 1.788 GC heap before
{Heap before GC invocations=2 (full 0):
 garbage-first heap   total 262144K, used 39353K [0x00000000e0000000, 0x0000000100000000)
  region size 1024K, 31 young (31744K), 2 survivors (2048K)
 Metaspace       used 11307K, capacity 11568K, committed 11776K, reserved 266240K
  class space    used 1154K, capacity 1244K, committed 1280K, reserved 253952K
}
Event: 1.792 GC heap after
{Heap after GC invocations=3 (full 0):
 garbage-first heap   total 262144K, used 13841K [0x00000000e0000000, 0x0000000100000000)
  region size 1024K, 4 young (4096K), 4 survivors (4096K)
 Metaspace       used 11307K, capacity 11568K, committed 11776K, reserved 266240K
  class space    used 1154K, capacity 1244K, committed 1280K, reserved 253952K
}
Event: 3.290 GC heap before
{Heap before GC invocations=3 (full 0):
 garbage-first heap   total 262144K, used 55825K [0x00000000e0000000, 0x0000000100000000)
  region size 1024K, 45 young (46080K), 4 survivors (4096K)
 Metaspace       used 18773K, capacity 19255K, committed 19328K, reserved 272384K
  class space    used 2224K, capacity 2386K, committed 2432K, reserved 253952K
}
Event: 3.299 GC heap after
{Heap after GC invocations=4 (full 0):
 garbage-first heap   total 262144K, used 16613K [0x00000000e0000000, 0x0000000100000000)
  region size 1024K, 6 young (6144K), 6 survivors (6144K)
 Metaspace       used 18773K, capacity 19255K, committed 19328K, reserved 272384K
  class space    used 2224K, capacity 2386K, committed 2432K, reserved 253952K
}
Event: 3.565 GC heap before
{Heap before GC invocations=4 (full 0):
 garbage-first heap   total 262144K, used 34021K [0x00000000e0000000, 0x0000000100000000)
  region size 1024K, 24 young (24576K), 6 survivors (6144K)
 Metaspace       used 20713K, capacity 21141K, committed 21296K, reserved 274432K
  class space    used 2501K, capacity 2631K, committed 2688K, reserved 253952K
}
Event: 3.573 GC heap after
{Heap after GC invocations=5 (full 0):
 garbage-first heap   total 262144K, used 17585K [0x00000000e0000000, 0x0000000100000000)
  region size 1024K, 4 young (4096K), 4 survivors (4096K)
 Metaspace       used 20713K, capacity 21141K, committed 21296K, reserved 274432K
  class space    used 2501K, capacity 2631K, committed 2688K, reserved 253952K
}
Event: 4.351 GC heap before
{Heap before GC invocations=6 (full 0):
 garbage-first heap   total 262144K, used 82097K [0x00000000e0000000, 0x0000000100000000)
  region size 1024K, 67 young (68608K), 4 survivors (4096K)
 Metaspace       used 26787K, capacity 27434K, committed 27696K, reserved 278528K
  class space    used 3474K, capacity 3674K, committed 3712K, reserved 253952K
}
Event: 4.361 GC heap after
{Heap after GC invocations=7 (full 0):
 garbage-first heap   total 262144K, used 19765K [0x00000000e0000000, 0x0000000100000000)
  region size 1024K, 6 young (6144K), 6 survivors (6144K)
 Metaspace       used 26787K, capacity 27434K, committed 27696K, reserved 278528K
  class space    used 3474K, capacity 3674K, committed 3712K, reserved 253952K
}
Event: 5.253 GC heap before
{Heap before GC invocations=7 (full 0):
 garbage-first heap   total 262144K, used 69941K [0x00000000e0000000, 0x0000000100000000)
  region size 1024K, 56 young (57344K), 6 survivors (6144K)
 Metaspace       used 35025K, capacity 35795K, committed 35920K, reserved 286720K
  class space    used 4495K, capacity 4825K, committed 4864K, reserved 253952K
}
Event: 5.268 GC heap after
{Heap after GC invocations=8 (full 0):
 garbage-first heap   total 262144K, used 22663K [0x00000000e0000000, 0x0000000100000000)
  region size 1024K, 9 young (9216K), 9 survivors (9216K)
 Metaspace       used 35025K, capacity 35795K, committed 35920K, reserved 286720K
  class space    used 4495K, capacity 4825K, committed 4864K, reserved 253952K
}
Event: 7.008 GC heap before
{Heap before GC invocations=9 (full 0):
 garbage-first heap   total 262144K, used 156807K [0x00000000e0000000, 0x0000000100000000)
  region size 1024K, 137 young (140288K), 9 survivors (9216K)
 Metaspace       used 46322K, capacity 47442K, committed 47568K, reserved 296960K
  class space    used 5870K, capacity 6267K, committed 6272K, reserved 253952K
}
Event: 7.033 GC heap after
{Heap after GC invocations=10 (full 0):
 garbage-first heap   total 262144K, used 29350K [0x00000000e0000000, 0x0000000100000000)
  region size 1024K, 15 young (15360K), 15 survivors (15360K)
 Metaspace       used 46322K, capacity 47442K, committed 47568K, reserved 296960K
  class space    used 5870K, capacity 6267K, committed 6272K, reserved 253952K
}
Event: 9.304 GC heap before
{Heap before GC invocations=10 (full 0):
 garbage-first heap   total 262144K, used 170662K [0x00000000e0000000, 0x0000000100000000)
  region size 1024K, 153 young (156672K), 15 survivors (15360K)
 Metaspace       used 56151K, capacity 57882K, committed 58064K, reserved 305152K
  class space    used 7326K, capacity 7977K, committed 8064K, reserved 253952K
}
Event: 9.341 GC heap after
{Heap after GC invocations=11 (full 0):
 garbage-first heap   total 262144K, used 39141K [0x00000000e0000000, 0x0000000100000000)
  region size 1024K, 20 young (20480K), 20 survivors (20480K)
 Metaspace       used 56151K, capacity 57882K, committed 58064K, reserved 305152K
  class space    used 7326K, capacity 7977K, committed 8064K, reserved 253952K
}
Event: 10.012 GC heap before
{Heap before GC invocations=11 (full 0):
 garbage-first heap   total 262144K, used 115941K [0x00000000e0000000, 0x0000000100000000)
  region size 1024K, 96 young (98304K), 20 survivors (20480K)
 Metaspace       used 58466K, capacity 60234K, committed 60296K, reserved 307200K
  class space    used 7731K, capacity 8436K, committed 8448K, reserved 253952K
}
Event: 10.073 GC heap after
{Heap after GC invocations=12 (full 0):
 garbage-first heap   total 262144K, used 47104K [0x00000000e0000000, 0x0000000100000000)
  region size 1024K, 8 young (8192K), 8 survivors (8192K)
 Metaspace       used 58466K, capacity 60234K, committed 60296K, reserved 307200K
  class space    used 7731K, capacity 8436K, committed 8448K, reserved 253952K
}
Event: 12.182 GC heap before
{Heap before GC invocations=13 (full 0):
 garbage-first heap   total 262144K, used 189440K [0x00000000e0000000, 0x0000000100000000)
  region size 1024K, 147 young (150528K), 8 survivors (8192K)
 Metaspace       used 69945K, capacity 72272K, committed 72400K, reserved 317440K
  class space    used 9169K, capacity 10072K, committed 10112K, reserved 253952K
}
Event: 12.216 GC heap after
{Heap after GC invocations=14 (full 0):
 garbage-first heap   total 262144K, used 66560K [0x00000000e0000000, 0x0000000100000000)
  region size 1024K, 19 young (19456K), 19 survivors (19456K)
 Metaspace       used 69945K, capacity 72272K, committed 72400K, reserved 317440K
  class space    used 9169K, capacity 10072K, committed 10112K, reserved 253952K
}

