# JRE version: OpenJDK Runtime Environment JBR-11.0.14.1.1-2043.25-jcef (11.0.14.1+1) (build 11.0.14.1+1-b2043.25)
# Java VM: OpenJDK 64-Bit Server VM JBR-11.0.14.1.1-2043.25-jcef (11.0.14.1+1-b2043.25, mixed mode, tiered, compressed oops, g1 gc, windows-amd64)
Heap:
 garbage-first heap   total 262144K, used 90033K [0x00000000e0000000, 0x0000000100000000)
  region size 1024K, 52 young (53248K), 8 survivors (8192K)
 Metaspace       used 61404K, capacity 63503K, committed 63644K, reserved 309248K
  class space    used 8162K, capacity 8967K, committed 9036K, reserved 253952K
GC Heap History (20 events):
Event: 0.553 GC heap before
{Heap before GC invocations=0 (full 0):
 garbage-first heap   total 262144K, used 19456K [0x00000000e0000000, 0x0000000100000000)
  region size 1024K, 14 young (14336K), 0 survivors (0K)
 Metaspace       used 6759K, capacity 6985K, committed 7168K, reserved 262144K
  class space    used 572K, capacity 650K, committed 768K, reserved 253952K
}
Event: 0.565 GC heap after
{Heap after GC invocations=1 (full 0):
 garbage-first heap   total 262144K, used 7807K [0x00000000e0000000, 0x0000000100000000)
  region size 1024K, 2 young (2048K), 2 survivors (2048K)
 Metaspace       used 6759K, capacity 6985K, committed 7168K, reserved 262144K
  class space    used 572K, capacity 650K, committed 768K, reserved 253952K
}
Event: 0.938 GC heap before
{Heap before GC invocations=1 (full 0):
 garbage-first heap   total 262144K, used 19071K [0x00000000e0000000, 0x0000000100000000)
  region size 1024K, 13 young (13312K), 2 survivors (2048K)
 Metaspace       used 10266K, capacity 10549K, committed 10624K, reserved 264192K
  class space    used 1052K, capacity 1139K, committed 1152K, reserved 253952K
}
Event: 0.942 GC heap after
{Heap after GC invocations=2 (full 0):
 garbage-first heap   total 262144K, used 9481K [0x00000000e0000000, 0x0000000100000000)
  region size 1024K, 2 young (2048K), 2 survivors (2048K)
 Metaspace       used 10266K, capacity 10549K, committed 10624K, reserved 264192K
  class space    used 1052K, capacity 1139K, committed 1152K, reserved 253952K
}
Event: 1.409 GC heap before
{Heap before GC invocations=2 (full 0):
 garbage-first heap   total 262144K, used 40201K [0x00000000e0000000, 0x0000000100000000)
  region size 1024K, 31 young (31744K), 2 survivors (2048K)
 Metaspace       used 11293K, capacity 11568K, committed 11776K, reserved 266240K
  class space    used 1155K, capacity 1244K, committed 1280K, reserved 253952K
}
Event: 1.415 GC heap after
{Heap after GC invocations=3 (full 0):
 garbage-first heap   total 262144K, used 13703K [0x00000000e0000000, 0x0000000100000000)
  region size 1024K, 4 young (4096K), 4 survivors (4096K)
 Metaspace       used 11293K, capacity 11568K, committed 11776K, reserved 266240K
  class space    used 1155K, capacity 1244K, committed 1280K, reserved 253952K
}
Event: 2.373 GC heap before
{Heap before GC invocations=3 (full 0):
 garbage-first heap   total 262144K, used 55687K [0x00000000e0000000, 0x0000000100000000)
  region size 1024K, 45 young (46080K), 4 survivors (4096K)
 Metaspace       used 18632K, capacity 19092K, committed 19328K, reserved 272384K
  class space    used 2199K, capacity 2353K, committed 2432K, reserved 253952K
}
Event: 2.378 GC heap after
{Heap after GC invocations=4 (full 0):
 garbage-first heap   total 262144K, used 16862K [0x00000000e0000000, 0x0000000100000000)
  region size 1024K, 6 young (6144K), 6 survivors (6144K)
 Metaspace       used 18632K, capacity 19092K, committed 19328K, reserved 272384K
  class space    used 2199K, capacity 2353K, committed 2432K, reserved 253952K
}
Event: 2.560 GC heap before
{Heap before GC invocations=4 (full 0):
 garbage-first heap   total 262144K, used 34270K [0x00000000e0000000, 0x0000000100000000)
  region size 1024K, 25 young (25600K), 6 survivors (6144K)
 Metaspace       used 20685K, capacity 21147K, committed 21296K, reserved 274432K
  class space    used 2496K, capacity 2633K, committed 2688K, reserved 253952K
}
Event: 2.570 GC heap after
{Heap after GC invocations=5 (full 0):
 garbage-first heap   total 262144K, used 17665K [0x00000000e0000000, 0x0000000100000000)
  region size 1024K, 4 young (4096K), 4 survivors (4096K)
 Metaspace       used 20685K, capacity 21147K, committed 21296K, reserved 274432K
  class space    used 2496K, capacity 2633K, committed 2688K, reserved 253952K
}
Event: 3.390 GC heap before
{Heap before GC invocations=6 (full 0):
 garbage-first heap   total 262144K, used 76033K [0x00000000e0000000, 0x0000000100000000)
  region size 1024K, 61 young (62464K), 4 survivors (4096K)
 Metaspace       used 26462K, capacity 27088K, committed 27184K, reserved 278528K
  class space    used 3415K, capacity 3620K, committed 3712K, reserved 253952K
}
Event: 3.396 GC heap after
{Heap after GC invocations=7 (full 0):
 garbage-first heap   total 262144K, used 19478K [0x00000000e0000000, 0x0000000100000000)
  region size 1024K, 6 young (6144K), 6 survivors (6144K)
 Metaspace       used 26462K, capacity 27088K, committed 27184K, reserved 278528K
  class space    used 3415K, capacity 3620K, committed 3712K, reserved 253952K
}
Event: 4.236 GC heap before
{Heap before GC invocations=7 (full 0):
 garbage-first heap   total 262144K, used 72726K [0x00000000e0000000, 0x0000000100000000)
  region size 1024K, 59 young (60416K), 6 survivors (6144K)
 Metaspace       used 35009K, capacity 35795K, committed 35920K, reserved 286720K
  class space    used 4497K, capacity 4825K, committed 4864K, reserved 253952K
}
Event: 4.248 GC heap after
{Heap after GC invocations=8 (full 0):
 garbage-first heap   total 262144K, used 22713K [0x00000000e0000000, 0x0000000100000000)
  region size 1024K, 9 young (9216K), 9 survivors (9216K)
 Metaspace       used 35009K, capacity 35795K, committed 35920K, reserved 286720K
  class space    used 4497K, capacity 4825K, committed 4864K, reserved 253952K
}
Event: 5.961 GC heap before
{Heap before GC invocations=9 (full 0):
 garbage-first heap   total 262144K, used 146617K [0x00000000e0000000, 0x0000000100000000)
  region size 1024K, 127 young (130048K), 9 survivors (9216K)
 Metaspace       used 45843K, capacity 46927K, committed 47056K, reserved 294912K
  class space    used 5795K, capacity 6181K, committed 6272K, reserved 253952K
}
Event: 5.978 GC heap after
{Heap after GC invocations=10 (full 0):
 garbage-first heap   total 262144K, used 29621K [0x00000000e0000000, 0x0000000100000000)
  region size 1024K, 13 young (13312K), 13 survivors (13312K)
 Metaspace       used 45843K, capacity 46927K, committed 47056K, reserved 294912K
  class space    used 5795K, capacity 6181K, committed 6272K, reserved 253952K
}
Event: 8.006 GC heap before
{Heap before GC invocations=10 (full 0):
 garbage-first heap   total 262144K, used 172981K [0x00000000e0000000, 0x0000000100000000)
  region size 1024K, 153 young (156672K), 13 survivors (13312K)
 Metaspace       used 56100K, capacity 57811K, committed 58064K, reserved 305152K
  class space    used 7325K, capacity 7954K, committed 8064K, reserved 253952K
}
Event: 8.032 GC heap after
{Heap after GC invocations=11 (full 0):
 garbage-first heap   total 262144K, used 39754K [0x00000000e0000000, 0x0000000100000000)
  region size 1024K, 20 young (20480K), 20 survivors (20480K)
 Metaspace       used 56100K, capacity 57811K, committed 58064K, reserved 305152K
  class space    used 7325K, capacity 7954K, committed 8064K, reserved 253952K
}
Event: 8.808 GC heap before
{Heap before GC invocations=11 (full 0):
 garbage-first heap   total 262144K, used 118602K [0x00000000e0000000, 0x0000000100000000)
  region size 1024K, 98 young (100352K), 20 survivors (20480K)
 Metaspace       used 58440K, capacity 60230K, committed 60296K, reserved 307200K
  class space    used 7724K, capacity 8434K, committed 8448K, reserved 253952K
}
Event: 8.867 GC heap after
{Heap after GC invocations=12 (full 0):
 garbage-first heap   total 262144K, used 47025K [0x00000000e0000000, 0x0000000100000000)
  region size 1024K, 8 young (8192K), 8 survivors (8192K)
 Metaspace       used 58440K, capacity 60230K, committed 60296K, reserved 307200K
  class space    used 7724K, capacity 8434K, committed 8448K, reserved 253952K
}

