# JRE version: OpenJDK Runtime Environment JBR-11.0.14.1.1-2043.25-jcef (11.0.14.1+1) (build 11.0.14.1+1-b2043.25)
# Java VM: OpenJDK 64-Bit Server VM JBR-11.0.14.1.1-2043.25-jcef (11.0.14.1+1-b2043.25, mixed mode, tiered, compressed oops, g1 gc, windows-amd64)
Heap:
 garbage-first heap   total 262144K, used 128395K [0x00000000e0000000, 0x0000000100000000)
  region size 1024K, 81 young (82944K), 12 survivors (12288K)
 Metaspace       used 42086K, capacity 43193K, committed 43312K, reserved 292864K
  class space    used 5316K, capacity 5709K, committed 5760K, reserved 253952K
GC Heap History (14 events):
Event: 0.443 GC heap before
{Heap before GC invocations=0 (full 0):
 garbage-first heap   total 262144K, used 19456K [0x00000000e0000000, 0x0000000100000000)
  region size 1024K, 14 young (14336K), 0 survivors (0K)
 Metaspace       used 6756K, capacity 7001K, committed 7168K, reserved 262144K
  class space    used 572K, capacity 650K, committed 768K, reserved 253952K
}
Event: 0.460 GC heap after
{Heap after GC invocations=1 (full 0):
 garbage-first heap   total 262144K, used 7901K [0x00000000e0000000, 0x0000000100000000)
  region size 1024K, 2 young (2048K), 2 survivors (2048K)
 Metaspace       used 6756K, capacity 7001K, committed 7168K, reserved 262144K
  class space    used 572K, capacity 650K, committed 768K, reserved 253952K
}
Event: 0.692 GC heap before
{Heap before GC invocations=1 (full 0):
 garbage-first heap   total 262144K, used 19165K [0x00000000e0000000, 0x0000000100000000)
  region size 1024K, 13 young (13312K), 2 survivors (2048K)
 Metaspace       used 10263K, capacity 10565K, committed 10624K, reserved 264192K
  class space    used 1051K, capacity 1139K, committed 1152K, reserved 253952K
}
Event: 0.695 GC heap after
{Heap after GC invocations=2 (full 0):
 garbage-first heap   total 262144K, used 9783K [0x00000000e0000000, 0x0000000100000000)
  region size 1024K, 2 young (2048K), 2 survivors (2048K)
 Metaspace       used 10263K, capacity 10565K, committed 10624K, reserved 264192K
  class space    used 1051K, capacity 1139K, committed 1152K, reserved 253952K
}
Event: 1.156 GC heap before
{Heap before GC invocations=2 (full 0):
 garbage-first heap   total 262144K, used 38455K [0x00000000e0000000, 0x0000000100000000)
  region size 1024K, 30 young (30720K), 2 survivors (2048K)
 Metaspace       used 11291K, capacity 11584K, committed 11776K, reserved 266240K
  class space    used 1154K, capacity 1244K, committed 1280K, reserved 253952K
}
Event: 1.161 GC heap after
{Heap after GC invocations=3 (full 0):
 garbage-first heap   total 262144K, used 13917K [0x00000000e0000000, 0x0000000100000000)
  region size 1024K, 4 young (4096K), 4 survivors (4096K)
 Metaspace       used 11291K, capacity 11584K, committed 11776K, reserved 266240K
  class space    used 1154K, capacity 1244K, committed 1280K, reserved 253952K
}
Event: 1.935 GC heap before
{Heap before GC invocations=3 (full 0):
 garbage-first heap   total 262144K, used 54877K [0x00000000e0000000, 0x0000000100000000)
  region size 1024K, 44 young (45056K), 4 survivors (4096K)
 Metaspace       used 18379K, capacity 18858K, committed 18944K, reserved 272384K
  class space    used 2153K, capacity 2302K, committed 2304K, reserved 253952K
}
Event: 1.940 GC heap after
{Heap after GC invocations=4 (full 0):
 garbage-first heap   total 262144K, used 16990K [0x00000000e0000000, 0x0000000100000000)
  region size 1024K, 6 young (6144K), 6 survivors (6144K)
 Metaspace       used 18379K, capacity 18858K, committed 18944K, reserved 272384K
  class space    used 2153K, capacity 2302K, committed 2304K, reserved 253952K
}
Event: 2.101 GC heap before
{Heap before GC invocations=4 (full 0):
 garbage-first heap   total 262144K, used 36446K [0x00000000e0000000, 0x0000000100000000)
  region size 1024K, 26 young (26624K), 6 survivors (6144K)
 Metaspace       used 20663K, capacity 21162K, committed 21296K, reserved 274432K
  class space    used 2490K, capacity 2644K, committed 2688K, reserved 253952K
}
Event: 2.106 GC heap after
{Heap after GC invocations=5 (full 0):
 garbage-first heap   total 262144K, used 17813K [0x00000000e0000000, 0x0000000100000000)
  region size 1024K, 4 young (4096K), 4 survivors (4096K)
 Metaspace       used 20663K, capacity 21162K, committed 21296K, reserved 274432K
  class space    used 2490K, capacity 2644K, committed 2688K, reserved 253952K
}
Event: 2.784 GC heap before
{Heap before GC invocations=6 (full 0):
 garbage-first heap   total 262144K, used 80277K [0x00000000e0000000, 0x0000000100000000)
  region size 1024K, 60 young (61440K), 4 survivors (4096K)
 Metaspace       used 26648K, capacity 27408K, committed 27440K, reserved 278528K
  class space    used 3449K, capacity 3689K, committed 3712K, reserved 253952K
}
Event: 2.792 GC heap after
{Heap after GC invocations=7 (full 0):
 garbage-first heap   total 262144K, used 25742K [0x00000000e0000000, 0x0000000100000000)
  region size 1024K, 7 young (7168K), 7 survivors (7168K)
 Metaspace       used 26648K, capacity 27408K, committed 27440K, reserved 278528K
  class space    used 3449K, capacity 3689K, committed 3712K, reserved 253952K
}
Event: 3.767 GC heap before
{Heap before GC invocations=7 (full 0):
 garbage-first heap   total 262144K, used 115854K [0x00000000e0000000, 0x0000000100000000)
  region size 1024K, 72 young (73728K), 7 survivors (7168K)
 Metaspace       used 34773K, capacity 35727K, committed 35888K, reserved 286720K
  class space    used 4499K, capacity 4887K, committed 4992K, reserved 253952K
}
Event: 3.787 GC heap after
{Heap after GC invocations=8 (full 0):
 garbage-first heap   total 262144K, used 56715K [0x00000000e0000000, 0x0000000100000000)
  region size 1024K, 12 young (12288K), 12 survivors (12288K)
 Metaspace       used 34773K, capacity 35727K, committed 35888K, reserved 286720K
  class space    used 4499K, capacity 4887K, committed 4992K, reserved 253952K
}

