# JRE version: OpenJDK Runtime Environment JBR-11.0.12.7-1504.40-jcef (11.0.12+7) (build 11.0.12+7-b1504.40)
# Java VM: OpenJDK 64-Bit Server VM JBR-11.0.12.7-1504.40-jcef (11.0.12+7-b1504.40, mixed mode, tiered, compressed oops, g1 gc, windows-amd64)
Heap:
 garbage-first heap   total 262144K, used 88807K [0x00000000e0000000, 0x0000000100000000)
  region size 1024K, 62 young (63488K), 15 survivors (15360K)
 Metaspace       used 71007K, capacity 73174K, committed 73464K, reserved 317440K
  class space    used 9337K, capacity 10156K, committed 10240K, reserved 253952K
GC Heap History (20 events):
Event: 0.687 GC heap before
{Heap before GC invocations=1 (full 0):
 garbage-first heap   total 262144K, used 21870K [0x00000000e0000000, 0x0000000100000000)
  region size 1024K, 16 young (16384K), 2 survivors (2048K)
 Metaspace       used 10247K, capacity 10557K, committed 10624K, reserved 264192K
  class space    used 1068K, capacity 1139K, committed 1152K, reserved 253952K
}
Event: 0.690 GC heap after
{Heap after GC invocations=2 (full 0):
 garbage-first heap   total 262144K, used 9475K [0x00000000e0000000, 0x0000000100000000)
  region size 1024K, 2 young (2048K), 2 survivors (2048K)
 Metaspace       used 10247K, capacity 10557K, committed 10624K, reserved 264192K
  class space    used 1068K, capacity 1139K, committed 1152K, reserved 253952K
}
Event: 1.104 GC heap before
{Heap before GC invocations=2 (full 0):
 garbage-first heap   total 262144K, used 40195K [0x00000000e0000000, 0x0000000100000000)
  region size 1024K, 32 young (32768K), 2 survivors (2048K)
 Metaspace       used 11199K, capacity 11510K, committed 11776K, reserved 266240K
  class space    used 1169K, capacity 1243K, committed 1280K, reserved 253952K
}
Event: 1.109 GC heap after
{Heap after GC invocations=3 (full 0):
 garbage-first heap   total 262144K, used 13195K [0x00000000e0000000, 0x0000000100000000)
  region size 1024K, 4 young (4096K), 4 survivors (4096K)
 Metaspace       used 11199K, capacity 11510K, committed 11776K, reserved 266240K
  class space    used 1169K, capacity 1243K, committed 1280K, reserved 253952K
}
Event: 2.059 GC heap before
{Heap before GC invocations=3 (full 0):
 garbage-first heap   total 262144K, used 57227K [0x00000000e0000000, 0x0000000100000000)
  region size 1024K, 47 young (48128K), 4 survivors (4096K)
 Metaspace       used 18115K, capacity 18517K, committed 18688K, reserved 270336K
  class space    used 2171K, capacity 2286K, committed 2304K, reserved 253952K
}
Event: 2.066 GC heap after
{Heap after GC invocations=4 (full 0):
 garbage-first heap   total 262144K, used 16706K [0x00000000e0000000, 0x0000000100000000)
  region size 1024K, 6 young (6144K), 6 survivors (6144K)
 Metaspace       used 18115K, capacity 18517K, committed 18688K, reserved 270336K
  class space    used 2171K, capacity 2286K, committed 2304K, reserved 253952K
}
Event: 2.274 GC heap before
{Heap before GC invocations=4 (full 0):
 garbage-first heap   total 262144K, used 36162K [0x00000000e0000000, 0x0000000100000000)
  region size 1024K, 26 young (26624K), 6 survivors (6144K)
 Metaspace       used 20561K, capacity 21092K, committed 21248K, reserved 272384K
  class space    used 2527K, capacity 2701K, committed 2816K, reserved 253952K
}
Event: 2.279 GC heap after
{Heap after GC invocations=5 (full 0):
 garbage-first heap   total 262144K, used 17693K [0x00000000e0000000, 0x0000000100000000)
  region size 1024K, 4 young (4096K), 4 survivors (4096K)
 Metaspace       used 20561K, capacity 21092K, committed 21248K, reserved 272384K
  class space    used 2527K, capacity 2701K, committed 2816K, reserved 253952K
}
Event: 2.918 GC heap before
{Heap before GC invocations=6 (full 0):
 garbage-first heap   total 262144K, used 71965K [0x00000000e0000000, 0x0000000100000000)
  region size 1024K, 58 young (59392K), 4 survivors (4096K)
 Metaspace       used 25921K, capacity 26575K, committed 26752K, reserved 278528K
  class space    used 3397K, capacity 3618K, committed 3712K, reserved 253952K
}
Event: 2.928 GC heap after
{Heap after GC invocations=7 (full 0):
 garbage-first heap   total 262144K, used 19583K [0x00000000e0000000, 0x0000000100000000)
  region size 1024K, 6 young (6144K), 6 survivors (6144K)
 Metaspace       used 25921K, capacity 26575K, committed 26752K, reserved 278528K
  class space    used 3397K, capacity 3618K, committed 3712K, reserved 253952K
}
Event: 3.938 GC heap before
{Heap before GC invocations=7 (full 0):
 garbage-first heap   total 262144K, used 75903K [0x00000000e0000000, 0x0000000100000000)
  region size 1024K, 62 young (63488K), 6 survivors (6144K)
 Metaspace       used 34848K, capacity 35602K, committed 35840K, reserved 286720K
  class space    used 4556K, capacity 4843K, committed 4864K, reserved 253952K
}
Event: 3.951 GC heap after
{Heap after GC invocations=8 (full 0):
 garbage-first heap   total 262144K, used 22852K [0x00000000e0000000, 0x0000000100000000)
  region size 1024K, 9 young (9216K), 9 survivors (9216K)
 Metaspace       used 34848K, capacity 35602K, committed 35840K, reserved 286720K
  class space    used 4556K, capacity 4843K, committed 4864K, reserved 253952K
}
Event: 5.202 GC heap before
{Heap before GC invocations=9 (full 0):
 garbage-first heap   total 262144K, used 121156K [0x00000000e0000000, 0x0000000100000000)
  region size 1024K, 102 young (104448K), 9 survivors (9216K)
 Metaspace       used 43390K, capacity 44340K, committed 44672K, reserved 292864K
  class space    used 5541K, capacity 5915K, committed 6016K, reserved 253952K
}
Event: 5.222 GC heap after
{Heap after GC invocations=10 (full 0):
 garbage-first heap   total 262144K, used 28724K [0x00000000e0000000, 0x0000000100000000)
  region size 1024K, 12 young (12288K), 12 survivors (12288K)
 Metaspace       used 43390K, capacity 44340K, committed 44672K, reserved 292864K
  class space    used 5541K, capacity 5915K, committed 6016K, reserved 253952K
}
Event: 11.176 GC heap before
{Heap before GC invocations=10 (full 0):
 garbage-first heap   total 262144K, used 145460K [0x00000000e0000000, 0x0000000100000000)
  region size 1024K, 126 young (129024K), 12 survivors (12288K)
 Metaspace       used 53011K, capacity 54474K, committed 54656K, reserved 301056K
  class space    used 6961K, capacity 7510K, committed 7552K, reserved 253952K
}
Event: 11.194 GC heap after
{Heap after GC invocations=11 (full 0):
 garbage-first heap   total 262144K, used 34564K [0x00000000e0000000, 0x0000000100000000)
  region size 1024K, 12 young (12288K), 12 survivors (12288K)
 Metaspace       used 53011K, capacity 54474K, committed 54656K, reserved 301056K
  class space    used 6961K, capacity 7510K, committed 7552K, reserved 253952K
}
Event: 11.821 GC heap before
{Heap before GC invocations=11 (full 0):
 garbage-first heap   total 262144K, used 81668K [0x00000000e0000000, 0x0000000100000000)
  region size 1024K, 59 young (60416K), 12 survivors (12288K)
 Metaspace       used 58117K, capacity 59807K, committed 59904K, reserved 307200K
  class space    used 7733K, capacity 8418K, committed 8448K, reserved 253952K
}
Event: 11.841 GC heap after
{Heap after GC invocations=12 (full 0):
 garbage-first heap   total 262144K, used 36864K [0x00000000e0000000, 0x0000000100000000)
  region size 1024K, 9 young (9216K), 9 survivors (9216K)
 Metaspace       used 58117K, capacity 59807K, committed 59904K, reserved 307200K
  class space    used 7733K, capacity 8418K, committed 8448K, reserved 253952K
}
Event: 14.195 GC heap before
{Heap before GC invocations=13 (full 0):
 garbage-first heap   total 262144K, used 181248K [0x00000000e0000000, 0x0000000100000000)
  region size 1024K, 151 young (154624K), 9 survivors (9216K)
 Metaspace       used 69488K, capacity 71387K, committed 71672K, reserved 317440K
  class space    used 9149K, capacity 9882K, committed 9984K, reserved 253952K
}
Event: 14.221 GC heap after
{Heap after GC invocations=14 (full 0):
 garbage-first heap   total 262144K, used 42727K [0x00000000e0000000, 0x0000000100000000)
  region size 1024K, 15 young (15360K), 15 survivors (15360K)
 Metaspace       used 69488K, capacity 71387K, committed 71672K, reserved 317440K
  class space    used 9149K, capacity 9882K, committed 9984K, reserved 253952K
}

